<?xml version="1.0" encoding="UTF-8"?>
<!-- Generated by org.testng.reporters.JUnitXMLReporter -->
<testsuite ignored="0" hostname="LAPTOP-JGFELO3S" failures="0" tests="6" name="Test" time="132.821" errors="0" timestamp="2025-12-16T22:44:49 IST">
  <testcase classname="Tests.ContactUsPageTest" name="Contact" time="10.94"/>
  <testcase classname="Tests.CoursePageTest" name="Courses" time="26.075"/>
  <testcase classname="Tests.ServicesPageTest" name="Services" time="41.081"/>
  <testcase classname="Tests.HeaderTest" name="HeaderTes" time="67.853"/>
  <testcase classname="Tests.HomePageTest" name="Homepage" time="100.652"/>
  <testcase classname="Tests.FooterTest" name="Footers" time="127.951"/>
</testsuite> <!-- Test -->
